2017-11-16 20:52:39 -  - exec CUpdateClientPartner::SearchModulesEx
2017-11-16 20:52:39 -  - exec CUpdateClientPartner::__CollectRequestData
2017-11-16 20:52:39 -  - utf=Y&lang=ru&stable=Y&CANGZIP=Y&SUPD_DBS=MYSQL&XE=N&CLIENT_SITE=y98099gq.beget.tech&LICENSE_KEY=X&SUPD_STS=1&SUPD_URS=0&SUPD_URSA=1&TYPENC=D&CLIENT_PHPVER=5.6.30&NGINX=Y&dbv=5.7.19&instm=main%2C17.0.9%2CY%3Bfileman%2C17.5.0%2CN%3Bperfmon%2C17.0.0%2CN%3Bsocialservices%2C17.1.4%2CN%3Biblock%2C17.0.9%2CN%3Bsearch%2C17.0.1%2CN%3Btranslate%2C15.0.0%2CN%3Bbitrixcloud%2C17.0.0%2CN%3Bseo%2C17.0.6%2CN%3Bclouds%2C17.0.0%2CN%3Bhighloadblock%2C17.0.2%2CN%3Bcompression%2C16.0.0%2CN%3Bb24connector%2C17.0.1%2CN%3Bbitrix.sitecorporate%2C15.5.0%2CN&search_module_id=&search_module=&search_category=7%2C14&search_type=&search_order=DESC&search_order_by=SORT&search_page=1&SUPD_SRS=RU&SUPD_CMP=N
2017-11-16 20:52:39 -  - exec CUpdateClientPartner::GetHTTPPage
2017-11-16 20:52:41 -  - TIME SearchModulesEx(request) 1.816 sec
2017-11-16 20:52:41 -  - exec CUpdateClientPartner::ParseServerData
2017-11-16 20:58:58 -  - exec CUpdateClientPartner::GetUpdatesList
2017-11-16 20:58:58 -  - exec CUpdateClientPartner::__CollectRequestData
2017-11-16 20:58:58 -  - utf=Y&lang=ru&stable=Y&CANGZIP=Y&SUPD_DBS=MYSQL&XE=N&CLIENT_SITE=y98099gq.beget.tech&LICENSE_KEY=X&SUPD_STS=1&SUPD_URS=0&SUPD_URSA=1&TYPENC=E&CLIENT_PHPVER=5.6.30&NGINX=Y&dbv=5.7.19&instm=main%2C17.5.4%2CN%3Bfileman%2C17.5.5%2CN%3Bperfmon%2C17.0.0%2CN%3Bsocialservices%2C17.5.0%2CN%3Biblock%2C17.0.12%2CN%3Bsearch%2C17.0.1%2CN%3Btranslate%2C16.0.0%2CN%3Bbitrixcloud%2C17.0.1%2CN%3Bscale%2C14.5.0%2CN%3Bseo%2C17.1.1%2CN%3Bclouds%2C17.0.2%2CN%3Bhighloadblock%2C17.0.2%2CN%3Bcompression%2C16.0.0%2CN%3Bb24connector%2C17.0.1%2CN%3Bbitrix.sitecorporate%2C15.5.0%2CN&reqm=bitrix.sitecorporate&fullmoduleinfo=Y&SUPD_SRS=RU&SUPD_CMP=N
2017-11-16 20:58:58 -  - exec CUpdateClientPartner::GetHTTPPage
2017-11-16 20:58:59 -  - TIME GetUpdatesList(request) 0.364 sec
2017-11-16 20:58:59 -  - exec CUpdateClientPartner::ParseServerData
2017-11-16 20:59:06 -  - exec CUpdateClientPartner::GetUpdatesList
2017-11-16 20:59:06 -  - exec CUpdateClientPartner::__CollectRequestData
2017-11-16 20:59:06 -  - utf=Y&lang=ru&stable=Y&CANGZIP=Y&SUPD_DBS=MYSQL&XE=N&CLIENT_SITE=y98099gq.beget.tech&LICENSE_KEY=X&SUPD_STS=1&SUPD_URS=0&SUPD_URSA=1&TYPENC=E&CLIENT_PHPVER=5.6.30&NGINX=Y&dbv=5.7.19&instm=main%2C17.5.4%2CN%3Bfileman%2C17.5.5%2CN%3Bperfmon%2C17.0.0%2CN%3Bsocialservices%2C17.5.0%2CN%3Biblock%2C17.0.12%2CN%3Bsearch%2C17.0.1%2CN%3Btranslate%2C16.0.0%2CN%3Bbitrixcloud%2C17.0.1%2CN%3Bscale%2C17.0.1%2CN%3Bseo%2C17.1.1%2CN%3Bclouds%2C17.0.2%2CN%3Bhighloadblock%2C17.0.2%2CN%3Bcompression%2C16.0.0%2CN%3Bb24connector%2C17.0.1%2CN%3Bbitrix.sitecorporate%2C15.5.0%2CN&reqm=bitrix.sitecorporate&SUPD_SRS=RU&SUPD_CMP=N
2017-11-16 20:59:06 -  - exec CUpdateClientPartner::GetHTTPPage
2017-11-16 20:59:06 -  - TIME GetUpdatesList(request) 0.395 sec
2017-11-16 20:59:06 -  - exec CUpdateClientPartner::ParseServerData
2017-11-16 20:59:11 -  - exec CUpdateClientPartner::GetUpdatesList
2017-11-16 20:59:11 -  - exec CUpdateClientPartner::__CollectRequestData
2017-11-16 20:59:11 -  - utf=Y&lang=ru&stable=Y&CANGZIP=Y&SUPD_DBS=MYSQL&XE=N&CLIENT_SITE=y98099gq.beget.tech&LICENSE_KEY=X&SUPD_STS=1&SUPD_URS=0&SUPD_URSA=1&TYPENC=E&CLIENT_PHPVER=5.6.30&NGINX=Y&dbv=5.7.19&instm=main%2C17.5.4%2CN%3Bfileman%2C17.5.5%2CN%3Bperfmon%2C17.0.0%2CN%3Bsocialservices%2C17.5.0%2CN%3Biblock%2C17.0.12%2CN%3Bsearch%2C17.0.1%2CN%3Btranslate%2C16.0.0%2CN%3Bbitrixcloud%2C17.0.1%2CN%3Bscale%2C17.0.1%2CN%3Bseo%2C17.1.1%2CN%3Bclouds%2C17.0.2%2CN%3Bhighloadblock%2C17.0.2%2CN%3Bcompression%2C16.0.0%2CN%3Bb24connector%2C17.0.1%2CN%3Bbitrix.sitecorporate%2C15.5.0%2CN&reqm=bitrix.sitecorporate&fullmoduleinfo=Y&SUPD_SRS=RU&SUPD_CMP=N
2017-11-16 20:59:11 -  - exec CUpdateClientPartner::GetHTTPPage
2017-11-16 20:59:11 -  - TIME GetUpdatesList(request) 0.309 sec
2017-11-16 20:59:11 -  - exec CUpdateClientPartner::ParseServerData
2017-11-16 20:59:16 -  - exec CUpdateClientPartner::GetUpdatesList
2017-11-16 20:59:16 -  - exec CUpdateClientPartner::__CollectRequestData
2017-11-16 20:59:16 -  - utf=Y&lang=ru&stable=Y&CANGZIP=Y&SUPD_DBS=MYSQL&XE=N&CLIENT_SITE=y98099gq.beget.tech&LICENSE_KEY=X&SUPD_STS=1&SUPD_URS=0&SUPD_URSA=1&TYPENC=E&CLIENT_PHPVER=5.6.30&NGINX=Y&dbv=5.7.19&instm=main%2C17.5.4%2CN%3Bfileman%2C17.5.5%2CN%3Bperfmon%2C17.0.0%2CN%3Bsocialservices%2C17.5.0%2CN%3Biblock%2C17.0.12%2CN%3Bsearch%2C17.0.1%2CN%3Btranslate%2C16.0.0%2CN%3Bbitrixcloud%2C17.0.1%2CN%3Bscale%2C17.0.1%2CN%3Bseo%2C17.1.1%2CN%3Bclouds%2C17.0.2%2CN%3Bhighloadblock%2C17.0.2%2CN%3Bcompression%2C16.0.0%2CN%3Bb24connector%2C17.0.1%2CN%3Bbitrix.sitecorporate%2C15.5.0%2CN&reqm=bitrix.sitecorporate&SUPD_SRS=RU&SUPD_CMP=N
2017-11-16 20:59:16 -  - exec CUpdateClientPartner::GetHTTPPage
2017-11-16 20:59:16 -  - TIME GetUpdatesList(request) 0.284 sec
2017-11-16 20:59:16 -  - exec CUpdateClientPartner::ParseServerData
2017-11-16 20:59:21 -  - exec CUpdateClientPartner::LoadModulesUpdates
2017-11-16 20:59:21 -  - exec CUpdateClientPartner::__CollectRequestData
2017-11-16 20:59:21 -  - utf=Y&lang=ru&stable=Y&CANGZIP=Y&SUPD_DBS=MYSQL&XE=N&CLIENT_SITE=y98099gq.beget.tech&LICENSE_KEY=X&SUPD_STS=1&SUPD_URS=0&SUPD_URSA=1&TYPENC=E&CLIENT_PHPVER=5.6.30&NGINX=Y&dbv=5.7.19&instm=main%2C17.5.4%2CN%3Bfileman%2C17.5.5%2CN%3Bperfmon%2C17.0.0%2CN%3Bsocialservices%2C17.5.0%2CN%3Biblock%2C17.0.12%2CN%3Bsearch%2C17.0.1%2CN%3Btranslate%2C16.0.0%2CN%3Bbitrixcloud%2C17.0.1%2CN%3Bscale%2C17.0.1%2CN%3Bseo%2C17.1.1%2CN%3Bclouds%2C17.0.2%2CN%3Bhighloadblock%2C17.0.2%2CN%3Bcompression%2C16.0.0%2CN%3Bb24connector%2C17.0.1%2CN%3Bbitrix.sitecorporate%2C15.5.0%2CN&reqm=intec.unimagazinlite&lim=Y&SUPD_SRS=RU&SUPD_CMP=N
2017-11-16 20:59:21 -  - exec CUpdateClientPartner::GetHTTPPage
2017-11-16 20:59:42 -  - TIME LoadModulesUpdates(request) 21.094 sec
2017-11-16 20:59:42 -  - exec CUpdateClientPartner::ParseServerData
2017-11-16 20:59:42 - S - STEP
2017-11-16 20:59:42 - LMU01 - LoadModulesUpdates-Step
2017-11-16 20:59:42 -  - exec CUpdateClientPartner::LoadModulesUpdates
2017-11-16 20:59:42 -  - exec CUpdateClientPartner::ParseServerData
2017-11-16 20:59:42 -  - loadFile
2017-11-16 21:00:12 - S - RETURN
2017-11-16 21:00:12 - LMU01 - LoadModulesUpdates-Step
2017-11-16 21:00:12 -  - exec CUpdateClientPartner::LoadModulesUpdates
2017-11-16 21:00:12 -  - exec CUpdateClientPartner::ParseServerData
2017-11-16 21:00:12 -  - loadFile
2017-11-16 21:00:42 - S - RETURN
2017-11-16 21:00:42 - LMU01 - LoadModulesUpdates-Step
2017-11-16 21:00:43 -  - exec CUpdateClientPartner::LoadModulesUpdates
2017-11-16 21:00:43 -  - exec CUpdateClientPartner::ParseServerData
2017-11-16 21:00:43 -  - loadFile
2017-11-16 21:01:13 - S - RETURN
2017-11-16 21:01:13 - LMU01 - LoadModulesUpdates-Step
2017-11-16 21:01:13 -  - exec CUpdateClientPartner::LoadModulesUpdates
2017-11-16 21:01:13 -  - exec CUpdateClientPartner::ParseServerData
2017-11-16 21:01:13 -  - loadFile
2017-11-16 21:01:14 - U - RETURN
2017-11-16 21:01:14 -  - exec CUpdateClientPartner::UnGzipArchive
2017-11-16 21:01:18 -  - TIME UnGzipArchive 4.33 sec
2017-11-16 21:01:23 -  - TIME UpdateStepModules 3.822 sec
2017-11-16 21:01:23 - UPD_SUCCESS - Updated: intec.unimagazinlite
2017-11-16 21:01:23 -  - exec CUpdateClientPartner::LoadModulesUpdates
2017-11-16 21:01:23 -  - exec CUpdateClientPartner::__CollectRequestData
2017-11-16 21:01:23 -  - utf=Y&lang=ru&stable=Y&CANGZIP=Y&SUPD_DBS=MYSQL&XE=N&CLIENT_SITE=y98099gq.beget.tech&LICENSE_KEY=X&SUPD_STS=1&SUPD_URS=0&SUPD_URSA=1&TYPENC=E&CLIENT_PHPVER=5.6.30&NGINX=Y&dbv=5.7.19&instm=main%2C17.5.4%2CN%3Bintec.unimagazinlite%2C1.0.7%2CN%3Bfileman%2C17.5.5%2CN%3Bperfmon%2C17.0.0%2CN%3Bsocialservices%2C17.5.0%2CN%3Biblock%2C17.0.12%2CN%3Bsearch%2C17.0.1%2CN%3Btranslate%2C16.0.0%2CN%3Bbitrixcloud%2C17.0.1%2CN%3Bscale%2C17.0.1%2CN%3Bseo%2C17.1.1%2CN%3Bclouds%2C17.0.2%2CN%3Bhighloadblock%2C17.0.2%2CN%3Bcompression%2C16.0.0%2CN%3Bb24connector%2C17.0.1%2CN%3Bbitrix.sitecorporate%2C15.5.0%2CN&reqm=intec.unimagazinlite&lim=Y&SUPD_SRS=RU&SUPD_CMP=N
2017-11-16 21:01:23 -  - exec CUpdateClientPartner::GetHTTPPage
2017-11-16 21:01:23 -  - TIME LoadModulesUpdates(request) 0.373 sec
2017-11-16 21:01:23 -  - exec CUpdateClientPartner::ParseServerData
2017-11-16 21:01:23 - STEP - Finish - NOUPDATES
2017-11-16 21:01:23 - STEP - Finish - NOUPDATES
2017-11-16 21:04:08 -  - exec CUpdateClientPartner::GetUpdatesList
2017-11-16 21:04:08 -  - exec CUpdateClientPartner::__CollectRequestData
2017-11-16 21:04:08 -  - utf=Y&lang=ru&stable=Y&CANGZIP=Y&SUPD_DBS=MYSQL&XE=N&CLIENT_SITE=y98099gq.beget.tech&LICENSE_KEY=X&SUPD_STS=1&SUPD_URS=0&SUPD_URSA=1&TYPENC=E&CLIENT_PHPVER=5.6.30&NGINX=Y&dbv=5.7.19&instm=main%2C17.5.4%2CN%3Bintec.unimagazinlite%2C1.0.7%2CN%3Bfileman%2C17.5.5%2CN%3Bperfmon%2C17.0.0%2CN%3Bsocialservices%2C17.5.0%2CN%3Biblock%2C17.0.12%2CN%3Bsearch%2C17.0.1%2CN%3Btranslate%2C16.0.0%2CN%3Bbitrixcloud%2C17.0.1%2CN%3Bscale%2C17.0.1%2CN%3Bseo%2C17.1.1%2CN%3Bclouds%2C17.0.2%2CN%3Bhighloadblock%2C17.0.2%2CN%3Bcompression%2C16.0.0%2CN%3Bb24connector%2C17.0.1%2CN%3Bbitrix.sitecorporate%2C15.5.0%2CN&reqm=intec.unimagazinlite%2Cbitrix.sitecorporate&fullmoduleinfo=Y&SUPD_SRS=RU&SUPD_CMP=N
2017-11-16 21:04:08 -  - exec CUpdateClientPartner::GetHTTPPage
2017-11-16 21:04:09 -  - TIME GetUpdatesList(request) 0.856 sec
2017-11-16 21:04:09 -  - exec CUpdateClientPartner::ParseServerData
